02-03-2020 13:05:55 - Temporary TestNG XML created
02-03-2020 13:09:23 - Temporary TestNG XML created
02-03-2020 13:09:24 - No Definition found - 'LoginAndLogout', trying to use 'Default' definition.
02-03-2020 13:09:24 - No Definition found - Default
02-03-2020 13:09:24 - No Test Selected for execution.
02-03-2020 13:09:29 - Genarate Rebot HTML Report : Sorry, Not able to generate html report
02-03-2020 13:18:03 - Temporary TestNG XML created
02-03-2020 13:18:04 - No Definition found - 'LoginAndLogout', trying to use 'Default' definition.
02-03-2020 13:18:04 - No Definition found - Default
02-03-2020 13:18:04 - No Test Selected for execution.
02-03-2020 13:18:11 - Genarate Rebot HTML Report : Sorry, Not able to generate html report
02-03-2020 13:47:51 - Temporary TestNG XML created
02-03-2020 13:54:24 - Get Test Suite : Error Occured while initializing Test Suite - Operation timed out (Connection timed out)
02-03-2020 13:54:50 - Get Test Suite : Error Occured while initializing Test Suite - Operation timed out (Connection timed out)
02-03-2020 15:24:33 - Temporary TestNG XML created
02-03-2020 15:26:12 - Temporary TestNG XML created
02-03-2020 15:26:47 - Temporary TestNG XML created
02-03-2020 15:30:21 - Temporary TestNG XML created
02-03-2020 15:31:45 - Temporary TestNG XML created
02-03-2020 15:33:37 - Temporary TestNG XML created
02-03-2020 15:44:49 - Temporary TestNG XML created
